app/build/intermediates/manifest_merge_blame_file/debug/manifest-merger-blame-debug-report.txt
1<?xml version="1.0" encoding="utf-8"?>
2<manifest xmlns:android="http://schemas.android.com/apk/res/android"
3    package="com.example.myapplication"
4    android:versionCode="1"
5    android:versionName="1.0" >
6
7    <uses-sdk
8        android:minSdkVersion="24"
9        android:targetSdkVersion="34" />
10
11    <uses-feature
11-->src/main/AndroidManifest.xml:5:5-7:36
12        android:name="android.hardware.camera"
12-->src/main/AndroidManifest.xml:6:9-47
13        android:required="false" />
13-->src/main/AndroidManifest.xml:7:9-33
14
15    <uses-permission android:name="android.permission.CAMERA" />
15-->src/main/AndroidManifest.xml:9:5-65
15-->src/main/AndroidManifest.xml:9:22-62
16
17    <permission
17-->[androidx.core:core:1.13.1] AndroidManifest.xml:22:5-24:47
18        android:name="com.example.myapplication.DYNAMIC_RECEIVER_NOT_EXPORTED_PERMISSION"
18-->[androidx.core:core:1.13.1] AndroidManifest.xml:23:9-81
19        android:protectionLevel="signature" />
19-->[androidx.core:core:1.13.1] AndroidManifest.xml:24:9-44
20
21    <uses-permission android:name="com.example.myapplication.DYNAMIC_RECEIVER_NOT_EXPORTED_PERMISSION" />
21-->[androidx.core:core:1.13.1] AndroidManifest.xml:26:5-97
21-->[androidx.core:core:1.13.1] AndroidManifest.xml:26:22-94
22
23    <queries>
23-->[com.google.ar:core:1.44.0] AndroidManifest.xml:20:5-27:15
24        <package android:name="com.google.ar.core" />
24-->[com.google.ar:core:1.44.0] AndroidManifest.xml:21:9-54
24-->[com.google.ar:core:1.44.0] AndroidManifest.xml:21:18-51
25        <package android:name="com.android.vending" />
25-->[com.google.ar:core:1.44.0] AndroidManifest.xml:22:9-55
25-->[com.google.ar:core:1.44.0] AndroidManifest.xml:22:18-52
26
27        <intent>
27-->[com.google.ar:core:1.44.0] AndroidManifest.xml:24:9-26:18
28            <action android:name="com.google.android.play.core.install.BIND_INSTALL_SERVICE" />
28-->[com.google.ar:core:1.44.0] AndroidManifest.xml:25:13-96
28-->[com.google.ar:core:1.44.0] AndroidManifest.xml:25:21-93
29        </intent>
30    </queries>
31
32    <application
32-->src/main/AndroidManifest.xml:11:5-55:19
33        android:allowBackup="true"
33-->src/main/AndroidManifest.xml:12:9-35
34        android:appComponentFactory="androidx.core.app.CoreComponentFactory"
34-->[androidx.core:core:1.13.1] AndroidManifest.xml:28:18-86
35        android:dataExtractionRules="@xml/data_extraction_rules"
35-->src/main/AndroidManifest.xml:13:9-65
36        android:debuggable="true"
37        android:extractNativeLibs="false"
38        android:fullBackupContent="@xml/backup_rules"
38-->src/main/AndroidManifest.xml:14:9-54
39        android:icon="@mipmap/ic_launcher_foreground"
39-->src/main/AndroidManifest.xml:15:9-54
40        android:label="@string/app_name"
40-->src/main/AndroidManifest.xml:16:9-41
41        android:roundIcon="@mipmap/ic_launcher_round"
41-->src/main/AndroidManifest.xml:17:9-54
42        android:supportsRtl="true"
42-->src/main/AndroidManifest.xml:18:9-35
43        android:testOnly="true"
44        android:theme="@style/Theme.MyApplication" >
44-->src/main/AndroidManifest.xml:19:9-51
45        <activity
45-->src/main/AndroidManifest.xml:21:9-23:40
46            android:name="com.example.myapplication.MainActivity8"
46-->src/main/AndroidManifest.xml:22:13-42
47            android:exported="false" />
47-->src/main/AndroidManifest.xml:23:13-37
48        <activity
48-->src/main/AndroidManifest.xml:24:9-26:40
49            android:name="com.example.myapplication.MainActivity7"
49-->src/main/AndroidManifest.xml:25:13-42
50            android:exported="false" />
50-->src/main/AndroidManifest.xml:26:13-37
51        <activity
51-->src/main/AndroidManifest.xml:27:9-29:40
52            android:name="com.example.myapplication.MainActivity6"
52-->src/main/AndroidManifest.xml:28:13-42
53            android:exported="false" />
53-->src/main/AndroidManifest.xml:29:13-37
54        <activity
54-->src/main/AndroidManifest.xml:30:9-32:40
55            android:name="com.example.myapplication.MainActivity5"
55-->src/main/AndroidManifest.xml:31:13-42
56            android:exported="false" />
56-->src/main/AndroidManifest.xml:32:13-37
57        <activity
57-->src/main/AndroidManifest.xml:33:9-35:40
58            android:name="com.example.myapplication.MainActivity4"
58-->src/main/AndroidManifest.xml:34:13-42
59            android:exported="false" />
59-->src/main/AndroidManifest.xml:35:13-37
60        <activity
60-->src/main/AndroidManifest.xml:36:9-38:40
61            android:name="com.example.myapplication.MainActivity3"
61-->src/main/AndroidManifest.xml:37:13-42
62            android:exported="false" />
62-->src/main/AndroidManifest.xml:38:13-37
63        <activity
63-->src/main/AndroidManifest.xml:39:9-41:40
64            android:name="com.example.myapplication.MainActivity2"
64-->src/main/AndroidManifest.xml:40:13-42
65            android:exported="false" />
65-->src/main/AndroidManifest.xml:41:13-37
66        <activity
66-->src/main/AndroidManifest.xml:42:9-50:20
67            android:name="com.example.myapplication.MainActivity"
67-->src/main/AndroidManifest.xml:43:13-41
68            android:exported="true" >
68-->src/main/AndroidManifest.xml:44:13-36
69            <intent-filter>
69-->src/main/AndroidManifest.xml:45:13-49:29
70                <action android:name="android.intent.action.MAIN" />
70-->src/main/AndroidManifest.xml:46:17-69
70-->src/main/AndroidManifest.xml:46:25-66
71
72                <category android:name="android.intent.category.LAUNCHER" />
72-->src/main/AndroidManifest.xml:48:17-77
72-->src/main/AndroidManifest.xml:48:27-74
73            </intent-filter>
74        </activity>
75
76        <meta-data
76-->src/main/AndroidManifest.xml:52:9-54:40
77            android:name="com.google.ar.core"
77-->src/main/AndroidManifest.xml:53:13-46
78            android:value="required" />
78-->src/main/AndroidManifest.xml:54:13-37
79
80        <provider
80-->[androidx.emoji2:emoji2:1.3.0] AndroidManifest.xml:24:9-32:20
81            android:name="androidx.startup.InitializationProvider"
81-->[androidx.emoji2:emoji2:1.3.0] AndroidManifest.xml:25:13-67
82            android:authorities="com.example.myapplication.androidx-startup"
82-->[androidx.emoji2:emoji2:1.3.0] AndroidManifest.xml:26:13-68
83            android:exported="false" >
83-->[androidx.emoji2:emoji2:1.3.0] AndroidManifest.xml:27:13-37
84            <meta-data
84-->[androidx.emoji2:emoji2:1.3.0] AndroidManifest.xml:29:13-31:52
85                android:name="androidx.emoji2.text.EmojiCompatInitializer"
85-->[androidx.emoji2:emoji2:1.3.0] AndroidManifest.xml:30:17-75
86                android:value="androidx.startup" />
86-->[androidx.emoji2:emoji2:1.3.0] AndroidManifest.xml:31:17-49
87            <meta-data
87-->[androidx.lifecycle:lifecycle-process:2.6.2] AndroidManifest.xml:29:13-31:52
88                android:name="androidx.lifecycle.ProcessLifecycleInitializer"
88-->[androidx.lifecycle:lifecycle-process:2.6.2] AndroidManifest.xml:30:17-78
89                android:value="androidx.startup" />
89-->[androidx.lifecycle:lifecycle-process:2.6.2] AndroidManifest.xml:31:17-49
90            <meta-data
90-->[androidx.profileinstaller:profileinstaller:1.3.1] AndroidManifest.xml:29:13-31:52
91                android:name="androidx.profileinstaller.ProfileInstallerInitializer"
91-->[androidx.profileinstaller:profileinstaller:1.3.1] AndroidManifest.xml:30:17-85
92                android:value="androidx.startup" />
92-->[androidx.profileinstaller:profileinstaller:1.3.1] AndroidManifest.xml:31:17-49
93        </provider> <!-- The minimal version code of ARCore APK required for an app using this SDK. -->
94        <meta-data
94-->[com.google.ar:core:1.44.0] AndroidManifest.xml:32:9-34:41
95            android:name="com.google.ar.core.min_apk_version"
95-->[com.google.ar:core:1.44.0] AndroidManifest.xml:33:13-62
96            android:value="240920000" /> <!-- This activity is critical for installing ARCore when it is not already present. -->
96-->[com.google.ar:core:1.44.0] AndroidManifest.xml:34:13-38
97        <activity
97-->[com.google.ar:core:1.44.0] AndroidManifest.xml:36:9-42:80
98            android:name="com.google.ar.core.InstallActivity"
98-->[com.google.ar:core:1.44.0] AndroidManifest.xml:37:13-62
99            android:configChanges="keyboardHidden|orientation|screenSize"
99-->[com.google.ar:core:1.44.0] AndroidManifest.xml:38:13-74
100            android:excludeFromRecents="true"
100-->[com.google.ar:core:1.44.0] AndroidManifest.xml:39:13-46
101            android:exported="false"
101-->[com.google.ar:core:1.44.0] AndroidManifest.xml:40:13-37
102            android:launchMode="singleTop"
102-->[com.google.ar:core:1.44.0] AndroidManifest.xml:41:13-43
103            android:theme="@android:style/Theme.Material.Light.Dialog.Alert" />
103-->[com.google.ar:core:1.44.0] AndroidManifest.xml:42:13-77
104
105        <receiver
105-->[androidx.profileinstaller:profileinstaller:1.3.1] AndroidManifest.xml:34:9-52:20
106            android:name="androidx.profileinstaller.ProfileInstallReceiver"
106-->[androidx.profileinstaller:profileinstaller:1.3.1] AndroidManifest.xml:35:13-76
107            android:directBootAware="false"
107-->[androidx.profileinstaller:profileinstaller:1.3.1] AndroidManifest.xml:36:13-44
108            android:enabled="true"
108-->[androidx.profileinstaller:profileinstaller:1.3.1] AndroidManifest.xml:37:13-35
109            android:exported="true"
109-->[androidx.profileinstaller:profileinstaller:1.3.1] AndroidManifest.xml:38:13-36
110            android:permission="android.permission.DUMP" >
110-->[androidx.profileinstaller:profileinstaller:1.3.1] AndroidManifest.xml:39:13-57
111            <intent-filter>
111-->[androidx.profileinstaller:profileinstaller:1.3.1] AndroidManifest.xml:40:13-42:29
112                <action android:name="androidx.profileinstaller.action.INSTALL_PROFILE" />
112-->[androidx.profileinstaller:profileinstaller:1.3.1] AndroidManifest.xml:41:17-91
112-->[androidx.profileinstaller:profileinstaller:1.3.1] AndroidManifest.xml:41:25-88
113            </intent-filter>
114            <intent-filter>
114-->[androidx.profileinstaller:profileinstaller:1.3.1] AndroidManifest.xml:43:13-45:29
115                <action android:name="androidx.profileinstaller.action.SKIP_FILE" />
115-->[androidx.profileinstaller:profileinstaller:1.3.1] AndroidManifest.xml:44:17-85
115-->[androidx.profileinstaller:profileinstaller:1.3.1] AndroidManifest.xml:44:25-82
116            </intent-filter>
117            <intent-filter>
117-->[androidx.profileinstaller:profileinstaller:1.3.1] AndroidManifest.xml:46:13-48:29
118                <action android:name="androidx.profileinstaller.action.SAVE_PROFILE" />
118-->[androidx.profileinstaller:profileinstaller:1.3.1] AndroidManifest.xml:47:17-88
118-->[androidx.profileinstaller:profileinstaller:1.3.1] AndroidManifest.xml:47:25-85
119            </intent-filter>
120            <intent-filter>
120-->[androidx.profileinstaller:profileinstaller:1.3.1] AndroidManifest.xml:49:13-51:29
121                <action android:name="androidx.profileinstaller.action.BENCHMARK_OPERATION" />
121-->[androidx.profileinstaller:profileinstaller:1.3.1] AndroidManifest.xml:50:17-95
121-->[androidx.profileinstaller:profileinstaller:1.3.1] AndroidManifest.xml:50:25-92
122            </intent-filter>
123        </receiver>
124    </application>
125
126</manifest>